0 info it worked if it ends with ok
1 verbose cli [ '/usr/bin/node',
1 verbose cli   '/usr/bin/npm',
1 verbose cli   'i',
1 verbose cli   '@tensorflow-models/posenet' ]
2 info using npm@1.4.21
3 info using node@v8.11.1
4 verbose cache add [ '@tensorflow-models/posenet', null ]
5 verbose cache add name=undefined spec="@tensorflow-models/posenet" args=["@tensorflow-models/posenet",null]
6 verbose parsed url Url {
6 verbose parsed url   protocol: null,
6 verbose parsed url   slashes: null,
6 verbose parsed url   auth: null,
6 verbose parsed url   host: null,
6 verbose parsed url   port: null,
6 verbose parsed url   hostname: null,
6 verbose parsed url   hash: null,
6 verbose parsed url   search: null,
6 verbose parsed url   query: null,
6 verbose parsed url   pathname: '@tensorflow-models/posenet',
6 verbose parsed url   path: '@tensorflow-models/posenet',
6 verbose parsed url   href: '@tensorflow-models/posenet' }
7 verbose cache add name="" spec="tensorflow-models/posenet" args=["","tensorflow-models/posenet"]
8 verbose parsed url Url {
8 verbose parsed url   protocol: null,
8 verbose parsed url   slashes: null,
8 verbose parsed url   auth: null,
8 verbose parsed url   host: null,
8 verbose parsed url   port: null,
8 verbose parsed url   hostname: null,
8 verbose parsed url   hash: null,
8 verbose parsed url   search: null,
8 verbose parsed url   query: null,
8 verbose parsed url   pathname: 'tensorflow-models/posenet',
8 verbose parsed url   path: 'tensorflow-models/posenet',
8 verbose parsed url   href: 'tensorflow-models/posenet' }
9 silly lockFile ecd7adae-tensorflow-models-posenet tensorflow-models/posenet
10 verbose lock tensorflow-models/posenet /home/pi/.npm/ecd7adae-tensorflow-models-posenet.lock
11 info maybeGithub Attempting tensorflow-models/posenet from git://github.com/tensorflow-models/posenet
12 silly lockFile 1b286073-ub-com-tensorflow-models-posenet git://github.com/tensorflow-models/posenet
13 verbose lock git://github.com/tensorflow-models/posenet /home/pi/.npm/1b286073-ub-com-tensorflow-models-posenet.lock
14 verbose addRemoteGit [ 'git://github.com/tensorflow-models/posenet', 'master' ]
15 verbose git clone git://github.com/tensorflow-models/posenet Cloning into bare repository '/home/pi/.npm/_git-remotes/git-github-com-tensorflow-models-posenet-1b286073'...
15 verbose git clone git://github.com/tensorflow-models/posenet fatal: remote error:
15 verbose git clone git://github.com/tensorflow-models/posenet   Repository not found.
16 silly lockFile 1b286073-ub-com-tensorflow-models-posenet git://github.com/tensorflow-models/posenet
17 silly lockFile 1b286073-ub-com-tensorflow-models-posenet git://github.com/tensorflow-models/posenet
18 info maybeGithub Attempting tensorflow-models/posenet from git+ssh://git@github.com:tensorflow-models/posenet
19 silly lockFile 36261ad1-ub-com-tensorflow-models-posenet git@github.com:tensorflow-models/posenet
20 verbose lock git@github.com:tensorflow-models/posenet /home/pi/.npm/36261ad1-ub-com-tensorflow-models-posenet.lock
21 verbose addRemoteGit [ 'git@github.com:tensorflow-models/posenet', 'master' ]
22 error git clone git@github.com:tensorflow-models/posenet Cloning into bare repository '/home/pi/.npm/_git-remotes/git-github-com-tensorflow-models-posenet-36261ad1'...
22 error git clone git@github.com:tensorflow-models/posenet Warning: Permanently added the RSA host key for IP address '140.82.113.4' to the list of known hosts.
22 error git clone git@github.com:tensorflow-models/posenet Permission denied (publickey).
22 error git clone git@github.com:tensorflow-models/posenet fatal: Could not read from remote repository.
22 error git clone git@github.com:tensorflow-models/posenet
22 error git clone git@github.com:tensorflow-models/posenet Please make sure you have the correct access rights
22 error git clone git@github.com:tensorflow-models/posenet and the repository exists.
23 silly lockFile 36261ad1-ub-com-tensorflow-models-posenet git@github.com:tensorflow-models/posenet
24 silly lockFile 36261ad1-ub-com-tensorflow-models-posenet git@github.com:tensorflow-models/posenet
25 silly lockFile ecd7adae-tensorflow-models-posenet tensorflow-models/posenet
26 silly lockFile ecd7adae-tensorflow-models-posenet tensorflow-models/posenet
27 error addLocal Could not install tensorflow-models/posenet
28 error Error: ENOENT: no such file or directory, stat 'tensorflow-models/posenet'
29 error If you need help, you may report this *entire* log,
29 error including the npm and node versions, at:
29 error     <http://github.com/npm/npm/issues>
30 error System Linux 4.14.34-v7+
31 error command "/usr/bin/node" "/usr/bin/npm" "i" "@tensorflow-models/posenet"
32 error cwd /home/pi/cs300/finalproject
33 error node -v v8.11.1
34 error npm -v 1.4.21
35 error path tensorflow-models/posenet
36 error syscall stat
37 error code ENOENT
38 error errno -2
39 verbose exit [ -2, true ]
